<?xml version="1.0" encoding="UTF-8"?>
<!-- Generated by org.testng.reporters.JUnitXMLReporter -->
<testsuite hostname="HJL07755" ignored="0" name="Test" tests="5" failures="0" timestamp="28 Nov 2019 14:01:48 GMT" time="62.654" errors="0">
  <testcase name="Login" time="3.442" classname="com.orangeHRM.tests.NewTest"/>
  <testcase name="VerifyPageTitle" time="0.44" classname="com.orangeHRM.tests.NewTest"/>
  <testcase name="VerifyEmployeeInformation" time="15.892" classname="com.orangeHRM.tests.NewTest"/>
  <testcase name="VerifyEmployeeInformation" time="15.999" classname="com.orangeHRM.tests.NewTest"/>
  <testcase name="VerifyEmployeeInformation" time="16.282" classname="com.orangeHRM.tests.NewTest"/>
</testsuite> <!-- Test -->
