<?xml version="1.0" encoding="UTF-8"?>
<testng-results skipped="1" failed="0" ignored="0" total="1" passed="0">
  <reporter-output>
  </reporter-output>
  <suite name="Suite" duration-ms="50200" started-at="2020-03-08T07:55:17Z" finished-at="2020-03-08T07:56:07Z">
    <groups>
      <group name="cucumber">
        <method signature="AbstractTestNGCucumberTests.runScenario(io.cucumber.testng.PickleWrapper, io.cucumber.testng.FeatureWrapper)[pri:0, instance:com.orangeHRM.testRunner.TestRunner@22d6f11]" name="runScenario" class="io.cucumber.testng.AbstractTestNGCucumberTests"/>
      </group> <!-- cucumber -->
    </groups>
    <test name="Test" duration-ms="50200" started-at="2020-03-08T07:55:17Z" finished-at="2020-03-08T07:56:07Z">
      <class name="com.orangeHRM.testRunner.TestRunner">
        <test-method status="PASS" signature="setUpClass()[pri:0, instance:com.orangeHRM.testRunner.TestRunner@22d6f11]" name="setUpClass" is-config="true" duration-ms="330" started-at="2020-03-08T13:25:17Z" finished-at="2020-03-08T13:25:17Z">
          <reporter-output>
          </reporter-output>
        </test-method> <!-- setUpClass -->
        <test-method status="SKIP" signature="runScenario(io.cucumber.testng.PickleWrapper, io.cucumber.testng.FeatureWrapper)[pri:0, instance:com.orangeHRM.testRunner.TestRunner@22d6f11]" name="runScenario" duration-ms="49246" started-at="2020-03-08T13:25:18Z" description="Runs Cucumber Scenarios" data-provider="scenarios" finished-at="2020-03-08T13:26:07Z">
          <params>
            <param index="0">
              <value>
                <![CDATA["Verify that the Employee is part of the organisation"]]>
              </value>
            </param>
            <param index="1">
              <value>
                <![CDATA["Search for Employees in OrangeHRM"]]>
              </value>
            </param>
          </params>
          <exception class="io.cucumber.testng.UndefinedStepException">
            <message>
              <![CDATA[The step "Verify Employee Information" is undefined. You can implement it using tne snippet(s) below:

@Then("Verify Employee Information")
public void verify_Employee_Information() {
    // Write code here that turns the phrase above into concrete actions
    throw new io.cucumber.java.PendingException();
}]]>
            </message>
            <full-stacktrace>
              <![CDATA[io.cucumber.testng.UndefinedStepException: The step "Verify Employee Information" is undefined. You can implement it using tne snippet(s) below:

@Then("Verify Employee Information")
public void verify_Employee_Information() {
    // Write code here that turns the phrase above into concrete actions
    throw new io.cucumber.java.PendingException();
}
	at io.cucumber.testng.TestCaseResultListener.createUndefinedException(TestCaseResultListener.java:122)
	at io.cucumber.testng.TestCaseResultListener.getError(TestCaseResultListener.java:86)
	at io.cucumber.testng.TestNGCucumberRunner.runScenario(TestNGCucumberRunner.java:110)
	at io.cucumber.testng.AbstractTestNGCucumberTests.runScenario(AbstractTestNGCucumberTests.java:29)
	at sun.reflect.NativeMethodAccessorImpl.invoke0(Native Method)
	at sun.reflect.NativeMethodAccessorImpl.invoke(NativeMethodAccessorImpl.java:62)
	at sun.reflect.DelegatingMethodAccessorImpl.invoke(DelegatingMethodAccessorImpl.java:43)
	at java.lang.reflect.Method.invoke(Method.java:498)
	at org.testng.internal.MethodInvocationHelper.invokeMethod(MethodInvocationHelper.java:108)
	at org.testng.internal.Invoker.invokeMethod(Invoker.java:661)
	at org.testng.internal.Invoker.invokeTestMethod(Invoker.java:869)
	at org.testng.internal.TestMethodWithDataProviderMethodWorker.call(TestMethodWithDataProviderMethodWorker.java:75)
	at org.testng.internal.TestMethodWithDataProviderMethodWorker.call(TestMethodWithDataProviderMethodWorker.java:14)
	at java.util.concurrent.FutureTask.run(FutureTask.java:266)
	at java.util.concurrent.Executors$RunnableAdapter.call(Executors.java:511)
	at java.util.concurrent.FutureTask.run(FutureTask.java:266)
	at java.util.concurrent.ThreadPoolExecutor.runWorker(ThreadPoolExecutor.java:1149)
	at java.util.concurrent.ThreadPoolExecutor$Worker.run(ThreadPoolExecutor.java:624)
	at java.lang.Thread.run(Thread.java:748)
]]>
            </full-stacktrace>
          </exception> <!-- io.cucumber.testng.UndefinedStepException -->
          <reporter-output>
          </reporter-output>
        </test-method> <!-- runScenario -->
        <test-method status="PASS" signature="tearDownClass()[pri:0, instance:com.orangeHRM.testRunner.TestRunner@22d6f11]" name="tearDownClass" is-config="true" duration-ms="1" started-at="2020-03-08T13:26:07Z" finished-at="2020-03-08T13:26:07Z">
          <reporter-output>
          </reporter-output>
        </test-method> <!-- tearDownClass -->
      </class> <!-- com.orangeHRM.testRunner.TestRunner -->
    </test> <!-- Test -->
  </suite> <!-- Suite -->
</testng-results>
