<?xml version="1.0" encoding="UTF-8" ?>
<testsuite tests="4" failures="0" name="com.orangeHRM.tests.NewTest" time="12.277" errors="0" skipped="0">
  <properties>
[...]
</properties>
  <testcase classname="com.orangeHRM.tests.NewTest" name="Launch" time="7.078"/>
  <testcase classname="com.orangeHRM.tests.NewTest" name="Login" time="3.021"/>
  <testcase classname="com.orangeHRM.tests.NewTest" name="VerifyPageTitle" time="0.556"/>
  <testcase classname="com.orangeHRM.tests.NewTest" name="Closedown" time="1.622"/>
</testsuite>